Using pre-set license
Built from '2020.2/staging' branch; Version is '2020.2.7f1 (c53830e277f1) revision 12924976'; Using compiler version '192528614'; Build Type 'Release'
OS: 'Windows 10 Enterprise; OS build 19041.804; Version 2004; 64bit' Language: 'en' Physical Memory: 32451 MB
BatchMode: 1, IsHumanControllingUs: 0, StartBugReporterOnCrash: 0, Is64bit: 1, IsPro: 0

 COMMAND LINE ARGUMENTS:
C:\Program Files\Unity\Hub\Editor\2020.2.7f1\Editor\Unity.exe
-adb2
-batchMode
-noUpm
-name
AssetImportWorker0
-projectPath
E:/C#/Glitch Garden
-logFile
Logs/AssetImportWorker0.log
-srvPort
59871
Successfully changed project path to: E:/C#/Glitch Garden
E:/C#/Glitch Garden
Using Asset Import Pipeline V2.
Refreshing native plugins compatible for Editor in 34.24 ms, found 1 plugins.
Preloading 0 native plugins for Editor in 0.00 ms.
Initialize engine version: 2020.2.7f1 (c53830e277f1)
[Subsystems] Discovering subsystems at path C:/Program Files/Unity/Hub/Editor/2020.2.7f1/Editor/Data/Resources/UnitySubsystems
[Subsystems] Discovering subsystems at path E:/C#/Glitch Garden/Assets
GfxDevice: creating device client; threaded=0
Direct3D:
    Version:  Direct3D 11.0 [level 11.1]
    Renderer: NVIDIA GeForce RTX 2070 SUPER (ID=0x1e84)
    Vendor:   
    VRAM:     8011 MB
    Driver:   27.21.14.6192
Initialize mono
Mono path[0] = 'C:/Program Files/Unity/Hub/Editor/2020.2.7f1/Editor/Data/Managed'
Mono path[1] = 'C:/Program Files/Unity/Hub/Editor/2020.2.7f1/Editor/Data/MonoBleedingEdge/lib/mono/unityjit'
Mono config path = 'C:/Program Files/Unity/Hub/Editor/2020.2.7f1/Editor/Data/MonoBleedingEdge/etc'
Using monoOptions --debugger-agent=transport=dt_socket,embedding=1,server=y,suspend=n,address=127.0.0.1:56400
Begin MonoManager ReloadAssembly
Registering precompiled unity dll's ...
Register platform support module: C:/Program Files/Unity/Hub/Editor/2020.2.7f1/Editor/Data/PlaybackEngines/WebGLSupport/UnityEditor.WebGL.Extensions.dll
Register platform support module: C:/Program Files/Unity/Hub/Editor/2020.2.7f1/Editor/Data/PlaybackEngines/WindowsStandaloneSupport/UnityEditor.WindowsStandalone.Extensions.dll
Registered in 0.003978 seconds.
Native extension for WindowsStandalone target not found
Native extension for WebGL target not found
Refreshing native plugins compatible for Editor in 33.01 ms, found 1 plugins.
Preloading 0 native plugins for Editor in 0.00 ms.
Invoked RoslynAnalysisRunner static constructor.
RoslynAnalysisRunner will not be running.
RoslynAnalysisRunner has terminated.
Mono: successfully reloaded assembly
- Completed reload, in  5.561 seconds
Platform modules already initialized, skipping
Registering precompiled user dll's ...
Registered in 0.001447 seconds.
Begin MonoManager ReloadAssembly
Native extension for WindowsStandalone target not found
Native extension for WebGL target not found
Refreshing native plugins compatible for Editor in 35.25 ms, found 1 plugins.
Preloading 0 native plugins for Editor in 0.00 ms.
Invoked RoslynAnalysisRunner static constructor.
RoslynAnalysisRunner will not be running.
RoslynAnalysisRunner has terminated.
Mono: successfully reloaded assembly
- Completed reload, in  0.960 seconds
Platform modules already initialized, skipping
========================================================================
Worker process is ready to serve import requests
Launched and connected shader compiler UnityShaderCompiler.exe after 0.07 seconds
Refreshing native plugins compatible for Editor in 0.41 ms, found 1 plugins.
Preloading 0 native plugins for Editor in 0.00 ms.
Unloading 1808 Unused Serialized files (Serialized files now loaded: 0)
System memory in use before: 84.6 MB.
System memory in use after: 84.6 MB.

Unloading 24 unused Assets to reduce memory usage. Loaded Objects now: 2251.
Total: 2.387600 ms (FindLiveObjects: 0.323200 ms CreateObjectMapping: 0.066800 ms MarkObjects: 1.856100 ms  DeleteObjects: 0.139700 ms)

========================================================================
Received Import Request.
  path: Assets/Prefabs/Lizard.prefab
  artifactKey: Guid(4d298d2b7623c29459d977aba07d0140) Importer(815301076,1909f56bfc062723c751e8b465ee728b)
Start importing Assets/Prefabs/Lizard.prefab using Guid(4d298d2b7623c29459d977aba07d0140) Importer(815301076,1909f56bfc062723c751e8b465ee728b)  -> (artifact id: 'e70bcc22d99260e5393b04566e0cc0f4') in 0.122118 seconds
  Import took 0.125454 seconds .

========================================================================
Received Import Request.
  Time since last request: 4.130884 seconds.
  path: Assets/Prefabs/Trophy.prefab
  artifactKey: Guid(74de83c16e5e29e4f91547f38996ad58) Importer(815301076,1909f56bfc062723c751e8b465ee728b)
Start importing Assets/Prefabs/Trophy.prefab using Guid(74de83c16e5e29e4f91547f38996ad58) Importer(815301076,1909f56bfc062723c751e8b465ee728b)  -> (artifact id: '8f7c3a9046689e27e6af283520494e6e') in 0.015800 seconds
  Import took 0.019247 seconds .

========================================================================
Received Import Request.
  Time since last request: 0.001875 seconds.
  path: Assets/Prefabs/Trophy.prefab
  artifactKey: Guid(74de83c16e5e29e4f91547f38996ad58) Importer(815301076,1909f56bfc062723c751e8b465ee728b)
Start importing Assets/Prefabs/Trophy.prefab using Guid(74de83c16e5e29e4f91547f38996ad58) Importer(815301076,1909f56bfc062723c751e8b465ee728b)  -> (artifact id: '8f7c3a9046689e27e6af283520494e6e') in 0.012615 seconds
  Import took 0.016030 seconds .

========================================================================
Received Import Request.
  Time since last request: 2.577220 seconds.
  path: Assets/Prefabs/Spawner.prefab
  artifactKey: Guid(7de6a15ac05949a4bb1880a886d61b8d) Importer(815301076,1909f56bfc062723c751e8b465ee728b)
Start importing Assets/Prefabs/Spawner.prefab using Guid(7de6a15ac05949a4bb1880a886d61b8d) Importer(815301076,1909f56bfc062723c751e8b465ee728b)  -> (artifact id: '13a520e8b8becfe39669a1123e89a582') in 0.006095 seconds
  Import took 0.009532 seconds .

========================================================================
Received Import Request.
  Time since last request: 0.005230 seconds.
  path: Assets/Prefabs/Spawner.prefab
  artifactKey: Guid(7de6a15ac05949a4bb1880a886d61b8d) Importer(815301076,1909f56bfc062723c751e8b465ee728b)
Start importing Assets/Prefabs/Spawner.prefab using Guid(7de6a15ac05949a4bb1880a886d61b8d) Importer(815301076,1909f56bfc062723c751e8b465ee728b)  -> (artifact id: '13a520e8b8becfe39669a1123e89a582') in 0.005091 seconds
  Import took 0.008575 seconds .

========================================================================
Received Import Request.
  Time since last request: 5.523185 seconds.
  path: Assets/Prefabs/Canvas.prefab
  artifactKey: Guid(1dcba0199f414d8498190f7d77ee929e) Importer(815301076,1909f56bfc062723c751e8b465ee728b)
Start importing Assets/Prefabs/Canvas.prefab using Guid(1dcba0199f414d8498190f7d77ee929e) Importer(815301076,1909f56bfc062723c751e8b465ee728b)  -> (artifact id: '830f9e071482332dc7e0dd3ac713d702') in 0.034889 seconds
  Import took 0.038514 seconds .

========================================================================
Received Import Request.
  Time since last request: 0.000997 seconds.
  path: Assets/Prefabs/Canvas.prefab
  artifactKey: Guid(1dcba0199f414d8498190f7d77ee929e) Importer(815301076,1909f56bfc062723c751e8b465ee728b)
Start importing Assets/Prefabs/Canvas.prefab using Guid(1dcba0199f414d8498190f7d77ee929e) Importer(815301076,1909f56bfc062723c751e8b465ee728b)  -> (artifact id: '830f9e071482332dc7e0dd3ac713d702') in 0.013151 seconds
  Import took 0.016655 seconds .

========================================================================
Received Import Request.
  Time since last request: 2.504536 seconds.
  path: Assets/Prefabs/Game Camera.prefab
  artifactKey: Guid(3ec3b0861bbf1aa4590dcbb86d3a32bf) Importer(815301076,1909f56bfc062723c751e8b465ee728b)
Start importing Assets/Prefabs/Game Camera.prefab using Guid(3ec3b0861bbf1aa4590dcbb86d3a32bf) Importer(815301076,1909f56bfc062723c751e8b465ee728b)  -> (artifact id: '4eb9a4f6825f791389413b0faf4a4446') in 0.007066 seconds
  Import took 0.010324 seconds .

========================================================================
Received Import Request.
  Time since last request: 0.012220 seconds.
  path: Assets/Prefabs/Game Camera.prefab
  artifactKey: Guid(3ec3b0861bbf1aa4590dcbb86d3a32bf) Importer(815301076,1909f56bfc062723c751e8b465ee728b)
Start importing Assets/Prefabs/Game Camera.prefab using Guid(3ec3b0861bbf1aa4590dcbb86d3a32bf) Importer(815301076,1909f56bfc062723c751e8b465ee728b)  -> (artifact id: '4eb9a4f6825f791389413b0faf4a4446') in 0.005588 seconds
  Import took 0.008896 seconds .

========================================================================
Received Import Request.
  Time since last request: 39.749064 seconds.
  path: Assets/Scripts/AttackerSpawner.cs
  artifactKey: Guid(96e37d97f66e52e4c8f6b6d947fc0f28) Importer(815301076,1909f56bfc062723c751e8b465ee728b)
Start importing Assets/Scripts/AttackerSpawner.cs using Guid(96e37d97f66e52e4c8f6b6d947fc0f28) Importer(815301076,1909f56bfc062723c751e8b465ee728b)  -> (artifact id: '292264b7e64aa69fcf16fa70fb2fcc8e') in 0.014952 seconds
  Import took 0.018895 seconds .

========================================================================
Received Prepare
Registering precompiled user dll's ...
Registered in 0.001632 seconds.
Begin MonoManager ReloadAssembly
Native extension for WindowsStandalone target not found
Native extension for WebGL target not found
Refreshing native plugins compatible for Editor in 0.41 ms, found 1 plugins.
Preloading 0 native plugins for Editor in 0.00 ms.
Invoked RoslynAnalysisRunner static constructor.
RoslynAnalysisRunner will not be running.
RoslynAnalysisRunner has terminated.
Mono: successfully reloaded assembly
- Completed reload, in  0.851 seconds
Platform modules already initialized, skipping
Refreshing native plugins compatible for Editor in 0.71 ms, found 1 plugins.
Preloading 0 native plugins for Editor in 0.00 ms.
Unloading 1804 Unused Serialized files (Serialized files now loaded: 0)
System memory in use before: 87.8 MB.
System memory in use after: 87.8 MB.

Unloading 12 unused Assets to reduce memory usage. Loaded Objects now: 2263.
Total: 2.562300 ms (FindLiveObjects: 0.244900 ms CreateObjectMapping: 0.092700 ms MarkObjects: 2.115600 ms  DeleteObjects: 0.108100 ms)

========================================================================
Received Prepare
Registering precompiled user dll's ...
Registered in 0.001805 seconds.
Begin MonoManager ReloadAssembly
Native extension for WindowsStandalone target not found
Native extension for WebGL target not found
Refreshing native plugins compatible for Editor in 0.42 ms, found 1 plugins.
Preloading 0 native plugins for Editor in 0.00 ms.
Invoked RoslynAnalysisRunner static constructor.
RoslynAnalysisRunner will not be running.
RoslynAnalysisRunner has terminated.
Mono: successfully reloaded assembly
- Completed reload, in  0.927 seconds
Platform modules already initialized, skipping
Refreshing native plugins compatible for Editor in 0.68 ms, found 1 plugins.
Preloading 0 native plugins for Editor in 0.00 ms.
Unloading 1804 Unused Serialized files (Serialized files now loaded: 0)
System memory in use before: 87.8 MB.
System memory in use after: 87.8 MB.

Unloading 12 unused Assets to reduce memory usage. Loaded Objects now: 2267.
Total: 2.650900 ms (FindLiveObjects: 0.240100 ms CreateObjectMapping: 0.054700 ms MarkObjects: 2.238500 ms  DeleteObjects: 0.116600 ms)

========================================================================
Received Import Request.
  Time since last request: 48.421842 seconds.
  path: Assets/Scripts/AttackerSpawner.cs
  artifactKey: Guid(96e37d97f66e52e4c8f6b6d947fc0f28) Importer(815301076,1909f56bfc062723c751e8b465ee728b)
Start importing Assets/Scripts/AttackerSpawner.cs using Guid(96e37d97f66e52e4c8f6b6d947fc0f28) Importer(815301076,1909f56bfc062723c751e8b465ee728b)  -> (artifact id: 'bf8f0a5985d9308060f0c4229d900678') in 0.006304 seconds
  Import took 0.009826 seconds .

========================================================================
Received Prepare
Registering precompiled user dll's ...
Registered in 0.001510 seconds.
Begin MonoManager ReloadAssembly
Native extension for WindowsStandalone target not found
Native extension for WebGL target not found
Refreshing native plugins compatible for Editor in 0.44 ms, found 1 plugins.
Preloading 0 native plugins for Editor in 0.00 ms.
Invoked RoslynAnalysisRunner static constructor.
RoslynAnalysisRunner will not be running.
RoslynAnalysisRunner has terminated.
Mono: successfully reloaded assembly
- Completed reload, in  0.926 seconds
Platform modules already initialized, skipping
Refreshing native plugins compatible for Editor in 0.71 ms, found 1 plugins.
Preloading 0 native plugins for Editor in 0.00 ms.
Unloading 1804 Unused Serialized files (Serialized files now loaded: 0)
System memory in use before: 87.9 MB.
System memory in use after: 87.9 MB.

Unloading 12 unused Assets to reduce memory usage. Loaded Objects now: 2271.
Total: 2.944400 ms (FindLiveObjects: 0.390900 ms CreateObjectMapping: 0.127600 ms MarkObjects: 2.289700 ms  DeleteObjects: 0.133700 ms)

========================================================================
Received Prepare
Registering precompiled user dll's ...
Registered in 0.001575 seconds.
Begin MonoManager ReloadAssembly
Native extension for WindowsStandalone target not found
Native extension for WebGL target not found
Refreshing native plugins compatible for Editor in 0.46 ms, found 1 plugins.
Preloading 0 native plugins for Editor in 0.00 ms.
Invoked RoslynAnalysisRunner static constructor.
RoslynAnalysisRunner will not be running.
RoslynAnalysisRunner has terminated.
Mono: successfully reloaded assembly
- Completed reload, in  1.087 seconds
Platform modules already initialized, skipping
Refreshing native plugins compatible for Editor in 0.73 ms, found 1 plugins.
Preloading 0 native plugins for Editor in 0.00 ms.
Unloading 1804 Unused Serialized files (Serialized files now loaded: 0)
System memory in use before: 87.9 MB.
System memory in use after: 87.9 MB.

Unloading 12 unused Assets to reduce memory usage. Loaded Objects now: 2275.
Total: 3.016600 ms (FindLiveObjects: 0.301200 ms CreateObjectMapping: 0.097600 ms MarkObjects: 2.447700 ms  DeleteObjects: 0.168500 ms)

========================================================================
Received Import Request.
  Time since last request: 788.402944 seconds.
  path: Assets/Prefabs/Lizard.prefab
  artifactKey: Guid(4d298d2b7623c29459d977aba07d0140) Importer(815301076,1909f56bfc062723c751e8b465ee728b)
Start importing Assets/Prefabs/Lizard.prefab using Guid(4d298d2b7623c29459d977aba07d0140) Importer(815301076,1909f56bfc062723c751e8b465ee728b)  -> (artifact id: '5e2a09c4585a5c2a37c4cab02a591c5a') in 0.064747 seconds
  Import took 0.068604 seconds .

========================================================================
Received Prepare
Registering precompiled user dll's ...
Registered in 0.001426 seconds.
Begin MonoManager ReloadAssembly
Native extension for WindowsStandalone target not found
Native extension for WebGL target not found
Refreshing native plugins compatible for Editor in 0.44 ms, found 1 plugins.
Preloading 0 native plugins for Editor in 0.00 ms.
Invoked RoslynAnalysisRunner static constructor.
RoslynAnalysisRunner will not be running.
RoslynAnalysisRunner has terminated.
Mono: successfully reloaded assembly
- Completed reload, in  0.945 seconds
Platform modules already initialized, skipping
Refreshing native plugins compatible for Editor in 0.61 ms, found 1 plugins.
Preloading 0 native plugins for Editor in 0.00 ms.
Unloading 1804 Unused Serialized files (Serialized files now loaded: 0)
System memory in use before: 87.9 MB.
System memory in use after: 87.9 MB.

Unloading 12 unused Assets to reduce memory usage. Loaded Objects now: 2280.
Total: 2.589900 ms (FindLiveObjects: 0.254900 ms CreateObjectMapping: 0.092600 ms MarkObjects: 2.112900 ms  DeleteObjects: 0.128400 ms)

========================================================================
Received Prepare
Registering precompiled user dll's ...
Registered in 0.001519 seconds.
Begin MonoManager ReloadAssembly
Native extension for WindowsStandalone target not found
Native extension for WebGL target not found
Refreshing native plugins compatible for Editor in 0.45 ms, found 1 plugins.
Preloading 0 native plugins for Editor in 0.00 ms.
Invoked RoslynAnalysisRunner static constructor.
RoslynAnalysisRunner will not be running.
RoslynAnalysisRunner has terminated.
Mono: successfully reloaded assembly
- Completed reload, in  0.942 seconds
Platform modules already initialized, skipping
Refreshing native plugins compatible for Editor in 0.69 ms, found 1 plugins.
Preloading 0 native plugins for Editor in 0.00 ms.
Unloading 1804 Unused Serialized files (Serialized files now loaded: 0)
System memory in use before: 87.9 MB.
System memory in use after: 87.9 MB.

Unloading 12 unused Assets to reduce memory usage. Loaded Objects now: 2284.
Total: 2.560900 ms (FindLiveObjects: 0.240700 ms CreateObjectMapping: 0.047400 ms MarkObjects: 2.142300 ms  DeleteObjects: 0.129100 ms)

========================================================================
Received Prepare
Registering precompiled user dll's ...
Registered in 0.001837 seconds.
Begin MonoManager ReloadAssembly
Native extension for WindowsStandalone target not found
Native extension for WebGL target not found
Refreshing native plugins compatible for Editor in 0.41 ms, found 1 plugins.
Preloading 0 native plugins for Editor in 0.00 ms.
Invoked RoslynAnalysisRunner static constructor.
RoslynAnalysisRunner will not be running.
RoslynAnalysisRunner has terminated.
Mono: successfully reloaded assembly
- Completed reload, in  0.956 seconds
Platform modules already initialized, skipping
Refreshing native plugins compatible for Editor in 0.54 ms, found 1 plugins.
Preloading 0 native plugins for Editor in 0.00 ms.
Unloading 1804 Unused Serialized files (Serialized files now loaded: 0)
System memory in use before: 87.9 MB.
System memory in use after: 87.9 MB.

Unloading 12 unused Assets to reduce memory usage. Loaded Objects now: 2288.
Total: 2.615000 ms (FindLiveObjects: 0.256000 ms CreateObjectMapping: 0.048300 ms MarkObjects: 2.183200 ms  DeleteObjects: 0.126400 ms)

========================================================================
Received Prepare
Registering precompiled user dll's ...
Registered in 0.001560 seconds.
Begin MonoManager ReloadAssembly
Native extension for WindowsStandalone target not found
Native extension for WebGL target not found
Refreshing native plugins compatible for Editor in 0.41 ms, found 1 plugins.
Preloading 0 native plugins for Editor in 0.00 ms.
Invoked RoslynAnalysisRunner static constructor.
RoslynAnalysisRunner will not be running.
RoslynAnalysisRunner has terminated.
Mono: successfully reloaded assembly
- Completed reload, in  0.847 seconds
Platform modules already initialized, skipping
Refreshing native plugins compatible for Editor in 0.42 ms, found 1 plugins.
Preloading 0 native plugins for Editor in 0.00 ms.
Unloading 1804 Unused Serialized files (Serialized files now loaded: 0)
System memory in use before: 87.9 MB.
System memory in use after: 87.9 MB.

Unloading 12 unused Assets to reduce memory usage. Loaded Objects now: 2292.
Total: 2.731200 ms (FindLiveObjects: 0.375000 ms CreateObjectMapping: 0.120600 ms MarkObjects: 2.093200 ms  DeleteObjects: 0.140400 ms)

========================================================================
Received Prepare
Registering precompiled user dll's ...
Registered in 0.001512 seconds.
Begin MonoManager ReloadAssembly
Native extension for WindowsStandalone target not found
Native extension for WebGL target not found
Refreshing native plugins compatible for Editor in 0.48 ms, found 1 plugins.
Preloading 0 native plugins for Editor in 0.00 ms.
Invoked RoslynAnalysisRunner static constructor.
RoslynAnalysisRunner will not be running.
RoslynAnalysisRunner has terminated.
Mono: successfully reloaded assembly
- Completed reload, in  0.963 seconds
Platform modules already initialized, skipping
Refreshing native plugins compatible for Editor in 0.42 ms, found 1 plugins.
Preloading 0 native plugins for Editor in 0.00 ms.
Unloading 1804 Unused Serialized files (Serialized files now loaded: 0)
System memory in use before: 87.9 MB.
System memory in use after: 87.9 MB.

Unloading 12 unused Assets to reduce memory usage. Loaded Objects now: 2296.
Total: 2.770400 ms (FindLiveObjects: 0.254900 ms CreateObjectMapping: 0.048000 ms MarkObjects: 2.333600 ms  DeleteObjects: 0.132700 ms)

========================================================================
Received Prepare
Registering precompiled user dll's ...
Registered in 0.001453 seconds.
Begin MonoManager ReloadAssembly
Native extension for WindowsStandalone target not found
Native extension for WebGL target not found
Refreshing native plugins compatible for Editor in 0.67 ms, found 1 plugins.
Preloading 0 native plugins for Editor in 0.00 ms.
Invoked RoslynAnalysisRunner static constructor.
RoslynAnalysisRunner will not be running.
RoslynAnalysisRunner has terminated.
Mono: successfully reloaded assembly
- Completed reload, in  0.958 seconds
Platform modules already initialized, skipping
Refreshing native plugins compatible for Editor in 0.52 ms, found 1 plugins.
Preloading 0 native plugins for Editor in 0.00 ms.
Unloading 1804 Unused Serialized files (Serialized files now loaded: 0)
System memory in use before: 88.0 MB.
System memory in use after: 88.0 MB.

Unloading 12 unused Assets to reduce memory usage. Loaded Objects now: 2300.
Total: 2.920800 ms (FindLiveObjects: 0.251800 ms CreateObjectMapping: 0.052200 ms MarkObjects: 2.483600 ms  DeleteObjects: 0.131700 ms)

========================================================================
Received Import Request.
  Time since last request: 289.171648 seconds.
  path: Assets/Animations/Lizard Walk.anim
  artifactKey: Guid(36b712d35e9ecb74688fb06f467b66ab) Importer(815301076,1909f56bfc062723c751e8b465ee728b)
Start importing Assets/Animations/Lizard Walk.anim using Guid(36b712d35e9ecb74688fb06f467b66ab) Importer(815301076,1909f56bfc062723c751e8b465ee728b)  -> (artifact id: 'aefd191d9e46090cde55af0a8ed73b3f') in 0.016511 seconds
  Import took 0.020979 seconds .

========================================================================
Received Import Request.
  Time since last request: 101.150500 seconds.
  path: Assets/Scripts/Attacker.cs
  artifactKey: Guid(60f161affc21721458d2de35d03afa97) Importer(815301076,1909f56bfc062723c751e8b465ee728b)
Start importing Assets/Scripts/Attacker.cs using Guid(60f161affc21721458d2de35d03afa97) Importer(815301076,1909f56bfc062723c751e8b465ee728b)  -> (artifact id: '8675f3bfea5467bb1c25bc3328855f6c') in 0.004190 seconds
  Import took 0.007870 seconds .

========================================================================
Received Prepare
Registering precompiled user dll's ...
Registered in 0.002174 seconds.
Begin MonoManager ReloadAssembly
Native extension for WindowsStandalone target not found
Native extension for WebGL target not found
Refreshing native plugins compatible for Editor in 0.43 ms, found 1 plugins.
Preloading 0 native plugins for Editor in 0.00 ms.
Invoked RoslynAnalysisRunner static constructor.
RoslynAnalysisRunner will not be running.
RoslynAnalysisRunner has terminated.
Mono: successfully reloaded assembly
- Completed reload, in  0.985 seconds
Platform modules already initialized, skipping
Refreshing native plugins compatible for Editor in 0.42 ms, found 1 plugins.
Preloading 0 native plugins for Editor in 0.00 ms.
Unloading 1804 Unused Serialized files (Serialized files now loaded: 0)
System memory in use before: 88.0 MB.
System memory in use after: 88.0 MB.

Unloading 12 unused Assets to reduce memory usage. Loaded Objects now: 2304.
Total: 3.639000 ms (FindLiveObjects: 0.388300 ms CreateObjectMapping: 0.118700 ms MarkObjects: 2.996500 ms  DeleteObjects: 0.133400 ms)

========================================================================
Received Import Request.
  Time since last request: 86.786404 seconds.
  path: Assets/Scripts/Attacker.cs
  artifactKey: Guid(60f161affc21721458d2de35d03afa97) Importer(815301076,1909f56bfc062723c751e8b465ee728b)
Start importing Assets/Scripts/Attacker.cs using Guid(60f161affc21721458d2de35d03afa97) Importer(815301076,1909f56bfc062723c751e8b465ee728b)  -> (artifact id: 'dfaef8700ad15d03bfc299f023c4d181') in 0.006823 seconds
  Import took 0.010633 seconds .

========================================================================
Received Prepare
Registering precompiled user dll's ...
Registered in 0.001537 seconds.
Begin MonoManager ReloadAssembly
Native extension for WindowsStandalone target not found
Native extension for WebGL target not found
Refreshing native plugins compatible for Editor in 0.42 ms, found 1 plugins.
Preloading 0 native plugins for Editor in 0.00 ms.
Invoked RoslynAnalysisRunner static constructor.
RoslynAnalysisRunner will not be running.
RoslynAnalysisRunner has terminated.
Mono: successfully reloaded assembly
- Completed reload, in  0.902 seconds
Platform modules already initialized, skipping
Refreshing native plugins compatible for Editor in 0.49 ms, found 1 plugins.
Preloading 0 native plugins for Editor in 0.00 ms.
Unloading 1804 Unused Serialized files (Serialized files now loaded: 0)
System memory in use before: 88.0 MB.
System memory in use after: 88.0 MB.

Unloading 12 unused Assets to reduce memory usage. Loaded Objects now: 2308.
Total: 2.630900 ms (FindLiveObjects: 0.250800 ms CreateObjectMapping: 0.056500 ms MarkObjects: 2.190900 ms  DeleteObjects: 0.131300 ms)

========================================================================
Received Prepare
Registering precompiled user dll's ...
Registered in 0.001398 seconds.
Begin MonoManager ReloadAssembly
Native extension for WindowsStandalone target not found
Native extension for WebGL target not found
Refreshing native plugins compatible for Editor in 0.41 ms, found 1 plugins.
Preloading 0 native plugins for Editor in 0.00 ms.
Invoked RoslynAnalysisRunner static constructor.
RoslynAnalysisRunner will not be running.
RoslynAnalysisRunner has terminated.
Mono: successfully reloaded assembly
- Completed reload, in  0.883 seconds
Platform modules already initialized, skipping
Refreshing native plugins compatible for Editor in 0.73 ms, found 1 plugins.
Preloading 0 native plugins for Editor in 0.00 ms.
Unloading 1804 Unused Serialized files (Serialized files now loaded: 0)
System memory in use before: 88.0 MB.
System memory in use after: 88.0 MB.

Unloading 12 unused Assets to reduce memory usage. Loaded Objects now: 2312.
Total: 2.700100 ms (FindLiveObjects: 0.374300 ms CreateObjectMapping: 0.047400 ms MarkObjects: 2.152900 ms  DeleteObjects: 0.123700 ms)

========================================================================
Received Import Request.
  Time since last request: 521.044925 seconds.
  path: Assets/Animations/Lizard Jump.anim
  artifactKey: Guid(0e7f44c65664004459f30649b68b20a6) Importer(815301076,1909f56bfc062723c751e8b465ee728b)
Start importing Assets/Animations/Lizard Jump.anim using Guid(0e7f44c65664004459f30649b68b20a6) Importer(815301076,1909f56bfc062723c751e8b465ee728b)  -> (artifact id: '6b9a88baf78eeb85dd6a68d7274da41f') in 0.015543 seconds
  Import took 0.019216 seconds .

========================================================================
Received Prepare
Registering precompiled user dll's ...
Registered in 0.001452 seconds.
Begin MonoManager ReloadAssembly
Native extension for WindowsStandalone target not found
Native extension for WebGL target not found
Refreshing native plugins compatible for Editor in 0.45 ms, found 1 plugins.
Preloading 0 native plugins for Editor in 0.00 ms.
Invoked RoslynAnalysisRunner static constructor.
RoslynAnalysisRunner will not be running.
RoslynAnalysisRunner has terminated.
Mono: successfully reloaded assembly
- Completed reload, in  0.897 seconds
Platform modules already initialized, skipping
Refreshing native plugins compatible for Editor in 0.41 ms, found 1 plugins.
Preloading 0 native plugins for Editor in 0.00 ms.
Unloading 1804 Unused Serialized files (Serialized files now loaded: 0)
System memory in use before: 88.0 MB.
System memory in use after: 88.0 MB.

Unloading 12 unused Assets to reduce memory usage. Loaded Objects now: 2316.
Total: 2.622700 ms (FindLiveObjects: 0.382900 ms CreateObjectMapping: 0.057100 ms MarkObjects: 2.059100 ms  DeleteObjects: 0.122200 ms)

========================================================================
Received Prepare
Registering precompiled user dll's ...
Registered in 0.001470 seconds.
Begin MonoManager ReloadAssembly
Native extension for WindowsStandalone target not found
Native extension for WebGL target not found
Refreshing native plugins compatible for Editor in 0.41 ms, found 1 plugins.
Preloading 0 native plugins for Editor in 0.00 ms.
Invoked RoslynAnalysisRunner static constructor.
RoslynAnalysisRunner will not be running.
RoslynAnalysisRunner has terminated.
Mono: successfully reloaded assembly
- Completed reload, in  0.987 seconds
Platform modules already initialized, skipping
Refreshing native plugins compatible for Editor in 0.41 ms, found 1 plugins.
Preloading 0 native plugins for Editor in 0.00 ms.
Unloading 1804 Unused Serialized files (Serialized files now loaded: 0)
System memory in use before: 88.0 MB.
System memory in use after: 88.0 MB.

Unloading 12 unused Assets to reduce memory usage. Loaded Objects now: 2320.
Total: 2.508100 ms (FindLiveObjects: 0.246100 ms CreateObjectMapping: 0.048200 ms MarkObjects: 2.086400 ms  DeleteObjects: 0.125900 ms)

========================================================================
Received Prepare
Registering precompiled user dll's ...
Registered in 0.001898 seconds.
Begin MonoManager ReloadAssembly
Native extension for WindowsStandalone target not found
Native extension for WebGL target not found
Refreshing native plugins compatible for Editor in 0.51 ms, found 1 plugins.
Preloading 0 native plugins for Editor in 0.00 ms.
Invoked RoslynAnalysisRunner static constructor.
RoslynAnalysisRunner will not be running.
RoslynAnalysisRunner has terminated.
Mono: successfully reloaded assembly
- Completed reload, in  0.964 seconds
Platform modules already initialized, skipping
Refreshing native plugins compatible for Editor in 0.58 ms, found 1 plugins.
Preloading 0 native plugins for Editor in 0.00 ms.
Unloading 1804 Unused Serialized files (Serialized files now loaded: 0)
System memory in use before: 88.0 MB.
System memory in use after: 88.0 MB.

Unloading 12 unused Assets to reduce memory usage. Loaded Objects now: 2324.
Total: 2.560000 ms (FindLiveObjects: 0.262600 ms CreateObjectMapping: 0.101700 ms MarkObjects: 2.069300 ms  DeleteObjects: 0.124600 ms)

========================================================================
Received Import Request.
  Time since last request: 236.447934 seconds.
  path: Assets/Sprites/Cactus
  artifactKey: Guid(44da2923f8dc51145a7f164020391176) Importer(815301076,1909f56bfc062723c751e8b465ee728b)
Start importing Assets/Sprites/Cactus using Guid(44da2923f8dc51145a7f164020391176) Importer(815301076,1909f56bfc062723c751e8b465ee728b)  -> (artifact id: 'a8f97eb5dea3b8902dcd5ba1e249a533') in 0.008468 seconds
  Import took 0.012094 seconds .

========================================================================
Received Import Request.
  Time since last request: 62.844591 seconds.
  path: Assets/Sprites/Cactus/Cactus Idle.png
  artifactKey: Guid(4a83b4f731f96e646add6c4793018794) Importer(815301076,1909f56bfc062723c751e8b465ee728b)
Start importing Assets/Sprites/Cactus/Cactus Idle.png using Guid(4a83b4f731f96e646add6c4793018794) Importer(815301076,1909f56bfc062723c751e8b465ee728b)  -> (artifact id: 'b021b86a9b380f185deb8639b7ef4ba5') in 0.096239 seconds
  Import took 0.099592 seconds .

========================================================================
Received Import Request.
  Time since last request: 27.582301 seconds.
  path: Assets/Sprites/Cactus/Cactus Idle.png
  artifactKey: Guid(4a83b4f731f96e646add6c4793018794) Importer(815301076,1909f56bfc062723c751e8b465ee728b)
Start importing Assets/Sprites/Cactus/Cactus Idle.png using Guid(4a83b4f731f96e646add6c4793018794) Importer(815301076,1909f56bfc062723c751e8b465ee728b)  -> (artifact id: 'ca36b4d0e3a77ac3a3e6022cecb8aff3') in 0.231995 seconds
  Import took 0.236589 seconds .

========================================================================
Received Import Request.
  Time since last request: 57.481068 seconds.
  path: Assets/Sprites/Cactus/Cactus Idle_0.asset
  artifactKey: Guid(6443ae70820474e4290955606c3155ed) Importer(815301076,1909f56bfc062723c751e8b465ee728b)
Start importing Assets/Sprites/Cactus/Cactus Idle_0.asset using Guid(6443ae70820474e4290955606c3155ed) Importer(815301076,1909f56bfc062723c751e8b465ee728b)  -> (artifact id: 'b8bfbd1c317e8b6e1277a0315125e307') in 0.016358 seconds
  Import took 0.020137 seconds .

========================================================================
Received Import Request.
  Time since last request: 0.000409 seconds.
  path: Assets/Sprites/Cactus/Cactus Idle_0.asset
  artifactKey: Guid(6443ae70820474e4290955606c3155ed) Importer(815301076,1909f56bfc062723c751e8b465ee728b)
Start importing Assets/Sprites/Cactus/Cactus Idle_0.asset using Guid(6443ae70820474e4290955606c3155ed) Importer(815301076,1909f56bfc062723c751e8b465ee728b)  -> (artifact id: 'b8bfbd1c317e8b6e1277a0315125e307') in 0.013695 seconds
  Import took 0.017055 seconds .

========================================================================
Received Import Request.
  Time since last request: 29.614948 seconds.
  path: Assets/Sprites/Cactus/New Animation.anim
  artifactKey: Guid(4b54dfa7ba9afe8448f331fb4701e782) Importer(815301076,1909f56bfc062723c751e8b465ee728b)
Start importing Assets/Sprites/Cactus/New Animation.anim using Guid(4b54dfa7ba9afe8448f331fb4701e782) Importer(815301076,1909f56bfc062723c751e8b465ee728b)  -> (artifact id: 'c85f94d9b613eef3cc4a967b4c31bb4d') in 0.005626 seconds
  Import took 0.008943 seconds .

========================================================================
Received Import Request.
  Time since last request: 24.216499 seconds.
  path: Assets/Animations/Cactus Idle.anim
  artifactKey: Guid(4b54dfa7ba9afe8448f331fb4701e782) Importer(815301076,1909f56bfc062723c751e8b465ee728b)
Start importing Assets/Animations/Cactus Idle.anim using Guid(4b54dfa7ba9afe8448f331fb4701e782) Importer(815301076,1909f56bfc062723c751e8b465ee728b)  -> (artifact id: '0a206dd2ff8b9d86a4cc7cea264dcbe9') in 0.004170 seconds
  Import took 0.007417 seconds .

========================================================================
Received Import Request.
  Time since last request: 16.103487 seconds.
  path: Assets/Animations/Cactus.controller
  artifactKey: Guid(41c9940482ce59e4ba90d24030c4a921) Importer(815301076,1909f56bfc062723c751e8b465ee728b)
Start importing Assets/Animations/Cactus.controller using Guid(41c9940482ce59e4ba90d24030c4a921) Importer(815301076,1909f56bfc062723c751e8b465ee728b)  -> (artifact id: '8f0eec37148ea4f91bfbd33198cf7663') in 0.006563 seconds
  Import took 0.009956 seconds .

========================================================================
Received Import Request.
  Time since last request: 112.308300 seconds.
  path: Assets/Animations/Fox Walking.anim
  artifactKey: Guid(fec3e59797095014ab71e776db54e6e6) Importer(815301076,1909f56bfc062723c751e8b465ee728b)
Start importing Assets/Animations/Fox Walking.anim using Guid(fec3e59797095014ab71e776db54e6e6) Importer(815301076,1909f56bfc062723c751e8b465ee728b)  -> (artifact id: '1bd8e3b353d472c33fe4294735bfc133') in 0.004864 seconds
  Import took 0.008155 seconds .

========================================================================
Received Import Request.
  Time since last request: 4.110871 seconds.
  path: Assets/Animations/Fox.controller
  artifactKey: Guid(0b2123b2705c86f40a8259eb04183655) Importer(815301076,1909f56bfc062723c751e8b465ee728b)
Start importing Assets/Animations/Fox.controller using Guid(0b2123b2705c86f40a8259eb04183655) Importer(815301076,1909f56bfc062723c751e8b465ee728b)  -> (artifact id: '8d33d434eda88a37654ae826d6b41cd9') in 0.005204 seconds
  Import took 0.008542 seconds .

========================================================================
Received Import Request.
  Time since last request: 37.856499 seconds.
  path: Assets/Sprites/Cactus/Cactus Idle.png
  artifactKey: Guid(4a83b4f731f96e646add6c4793018794) Importer(815301076,1909f56bfc062723c751e8b465ee728b)
Start importing Assets/Sprites/Cactus/Cactus Idle.png using Guid(4a83b4f731f96e646add6c4793018794) Importer(815301076,1909f56bfc062723c751e8b465ee728b)  -> (artifact id: '3b9e6adf9af8424a34140c284146bf18') in 0.018777 seconds
  Import took 0.022079 seconds .

========================================================================
Received Import Request.
  Time since last request: 42.310263 seconds.
  path: Assets/Sprites/Cactus/Cactus Idle.png
  artifactKey: Guid(4a83b4f731f96e646add6c4793018794) Importer(815301076,1909f56bfc062723c751e8b465ee728b)
Start importing Assets/Sprites/Cactus/Cactus Idle.png using Guid(4a83b4f731f96e646add6c4793018794) Importer(815301076,1909f56bfc062723c751e8b465ee728b)  -> (artifact id: '022b2226ae3e1af1b69f151648432ef3') in 0.198347 seconds
  Import took 0.202364 seconds .

========================================================================
Received Import Request.
  Time since last request: 39.307746 seconds.
  path: Assets/Sprites/Cactus/Cactus Looping.png
  artifactKey: Guid(c1005272aa811214685c2ca707272829) Importer(815301076,1909f56bfc062723c751e8b465ee728b)
Start importing Assets/Sprites/Cactus/Cactus Looping.png using Guid(c1005272aa811214685c2ca707272829) Importer(815301076,1909f56bfc062723c751e8b465ee728b)  -> (artifact id: '185327dcc29fbcdd36ce609a2c0c793f') in 0.043466 seconds
  Import took 0.047822 seconds .

========================================================================
Received Import Request.
  Time since last request: 35.860239 seconds.
  path: Assets/Sprites/Cactus/Cactus Looping.png
  artifactKey: Guid(c1005272aa811214685c2ca707272829) Importer(815301076,1909f56bfc062723c751e8b465ee728b)
Start importing Assets/Sprites/Cactus/Cactus Looping.png using Guid(c1005272aa811214685c2ca707272829) Importer(815301076,1909f56bfc062723c751e8b465ee728b)  -> (artifact id: '3d5b9609f07b479c32babf8cba669b13') in 0.285403 seconds
  Import took 0.289860 seconds .

========================================================================
Received Import Request.
  Time since last request: 32.488513 seconds.
  path: Assets/Sprites/Cactus/Cactus Idle.anim
  artifactKey: Guid(e54d1c0ec6e28a041b82d74683e220bf) Importer(815301076,1909f56bfc062723c751e8b465ee728b)
Start importing Assets/Sprites/Cactus/Cactus Idle.anim using Guid(e54d1c0ec6e28a041b82d74683e220bf) Importer(815301076,1909f56bfc062723c751e8b465ee728b)  -> (artifact id: '751033ab15d67d0b3a4877821900de31') in 0.004206 seconds
  Import took 0.008217 seconds .

========================================================================
Received Import Request.
  Time since last request: 25.098008 seconds.
  path: Assets/Sprites/Cactus/Cactus Attack.anim
  artifactKey: Guid(ba7381fa6ee8fb4438f64a78b4d0579d) Importer(815301076,1909f56bfc062723c751e8b465ee728b)
Start importing Assets/Sprites/Cactus/Cactus Attack.anim using Guid(ba7381fa6ee8fb4438f64a78b4d0579d) Importer(815301076,1909f56bfc062723c751e8b465ee728b)  -> (artifact id: 'f7563577aaefe257b51e9806d73a16af') in 0.005393 seconds
  Import took 0.008891 seconds .

========================================================================
Received Import Request.
  Time since last request: 17.002975 seconds.
  path: Assets/Animations/Attackers
  artifactKey: Guid(3448fc67db49f314782e050c5ea62356) Importer(815301076,1909f56bfc062723c751e8b465ee728b)
Start importing Assets/Animations/Attackers using Guid(3448fc67db49f314782e050c5ea62356) Importer(815301076,1909f56bfc062723c751e8b465ee728b)  -> (artifact id: '843462053cda63ffb0d431c747c5c3d8') in 0.004625 seconds
  Import took 0.008203 seconds .

========================================================================
Received Import Request.
  Time since last request: 19.524620 seconds.
  path: Assets/Animations/Defender
  artifactKey: Guid(ee0909d23a242d945bbb401e78d6259d) Importer(815301076,1909f56bfc062723c751e8b465ee728b)
Start importing Assets/Animations/Defender using Guid(ee0909d23a242d945bbb401e78d6259d) Importer(815301076,1909f56bfc062723c751e8b465ee728b)  -> (artifact id: 'c97cc5f5788a1822f340d7b389896cdf') in 0.004966 seconds
  Import took 0.009549 seconds .

========================================================================
Received Import Request.
  Time since last request: 12.737394 seconds.
  path: Assets/Animations/Trophy.controller
  artifactKey: Guid(f0b0790f763cb2f43843dfc2eaadd13b) Importer(815301076,1909f56bfc062723c751e8b465ee728b)
Start importing Assets/Animations/Trophy.controller using Guid(f0b0790f763cb2f43843dfc2eaadd13b) Importer(815301076,1909f56bfc062723c751e8b465ee728b)  -> (artifact id: 'd817428ca8482fed792283c653678173') in 0.004592 seconds
  Import took 0.008269 seconds .

========================================================================
Received Import Request.
  Time since last request: 3.755235 seconds.
  path: Assets/Animations/Lizard Jump.anim
  artifactKey: Guid(0e7f44c65664004459f30649b68b20a6) Importer(815301076,1909f56bfc062723c751e8b465ee728b)
Start importing Assets/Animations/Lizard Jump.anim using Guid(0e7f44c65664004459f30649b68b20a6) Importer(815301076,1909f56bfc062723c751e8b465ee728b)  -> (artifact id: '9ca1ac2b07d9575ace23da12bc9f798d') in 0.004790 seconds
  Import took 0.008393 seconds .

========================================================================
Received Import Request.
  Time since last request: 18.016295 seconds.
  path: Assets/Animations/Defender/Cactus.controller
  artifactKey: Guid(b0571ebe1cebc144ab1ead35c6555f9e) Importer(815301076,1909f56bfc062723c751e8b465ee728b)
Start importing Assets/Animations/Defender/Cactus.controller using Guid(b0571ebe1cebc144ab1ead35c6555f9e) Importer(815301076,1909f56bfc062723c751e8b465ee728b)  -> (artifact id: '56bc1183775cba41e873ffa9c8c0e4eb') in 0.004220 seconds
  Import took 0.008025 seconds .

========================================================================
Received Import Request.
  Time since last request: 31.752863 seconds.
  path: Assets/Prefabs/Lizard.prefab
  artifactKey: Guid(4d298d2b7623c29459d977aba07d0140) Importer(815301076,1909f56bfc062723c751e8b465ee728b)
Start importing Assets/Prefabs/Lizard.prefab using Guid(4d298d2b7623c29459d977aba07d0140) Importer(815301076,1909f56bfc062723c751e8b465ee728b)  -> (artifact id: 'd449bd083c6d770b3596ebb7d78bdd6e') in 0.036309 seconds
  Import took 0.040198 seconds .

========================================================================
Received Prepare
Registering precompiled user dll's ...
Registered in 0.001594 seconds.
Begin MonoManager ReloadAssembly
Native extension for WindowsStandalone target not found
Native extension for WebGL target not found
Refreshing native plugins compatible for Editor in 0.58 ms, found 1 plugins.
Preloading 0 native plugins for Editor in 0.00 ms.
Invoked RoslynAnalysisRunner static constructor.
RoslynAnalysisRunner will not be running.
RoslynAnalysisRunner has terminated.
Mono: successfully reloaded assembly
- Completed reload, in  1.033 seconds
Platform modules already initialized, skipping
Refreshing native plugins compatible for Editor in 0.74 ms, found 1 plugins.
Preloading 0 native plugins for Editor in 0.00 ms.
Unloading 1804 Unused Serialized files (Serialized files now loaded: 0)
System memory in use before: 88.1 MB.
System memory in use after: 88.1 MB.

Unloading 12 unused Assets to reduce memory usage. Loaded Objects now: 2359.
Total: 2.948100 ms (FindLiveObjects: 0.251900 ms CreateObjectMapping: 0.050200 ms MarkObjects: 2.496100 ms  DeleteObjects: 0.146500 ms)

========================================================================
Received Prepare
Registering precompiled user dll's ...
Registered in 0.001426 seconds.
Begin MonoManager ReloadAssembly
Native extension for WindowsStandalone target not found
Native extension for WebGL target not found
Refreshing native plugins compatible for Editor in 0.42 ms, found 1 plugins.
Preloading 0 native plugins for Editor in 0.00 ms.
Invoked RoslynAnalysisRunner static constructor.
RoslynAnalysisRunner will not be running.
RoslynAnalysisRunner has terminated.
Mono: successfully reloaded assembly
- Completed reload, in  0.906 seconds
Platform modules already initialized, skipping
Refreshing native plugins compatible for Editor in 0.76 ms, found 1 plugins.
Preloading 0 native plugins for Editor in 0.00 ms.
Unloading 1804 Unused Serialized files (Serialized files now loaded: 0)
System memory in use before: 88.1 MB.
System memory in use after: 88.1 MB.

Unloading 12 unused Assets to reduce memory usage. Loaded Objects now: 2363.
Total: 2.417800 ms (FindLiveObjects: 0.246900 ms CreateObjectMapping: 0.049200 ms MarkObjects: 1.991400 ms  DeleteObjects: 0.128800 ms)

========================================================================
Received Import Request.
  Time since last request: 656.964439 seconds.
  path: Assets/Prefabs/Cactus.prefab
  artifactKey: Guid(619de522d74517d4d93e5b0c9ca53112) Importer(815301076,1909f56bfc062723c751e8b465ee728b)
Start importing Assets/Prefabs/Cactus.prefab using Guid(619de522d74517d4d93e5b0c9ca53112) Importer(815301076,1909f56bfc062723c751e8b465ee728b) The Animator Controller (Cactus) you have used is not valid. Animations will not play
UnityEngine.StackTraceUtility:ExtractStackTrace ()
UnityEditor.EditorUtility:Internal_InstantiateRemoveAllNonAnimationComponentsSingle (UnityEngine.Object,UnityEngine.Vector3,UnityEngine.Quaternion)
UnityEditor.EditorUtility:InstantiateRemoveAllNonAnimationComponents (UnityEngine.Object,UnityEngine.Vector3,UnityEngine.Quaternion)
UnityEditor.EditorUtility:InstantiateForAnimatorPreview (UnityEngine.Object)
UnityEditor.GameObjectInspector/PreviewData:UpdateGameObject (UnityEngine.Object)
UnityEditor.GameObjectInspector/PreviewData:.ctor (UnityEngine.Object)
UnityEditor.GameObjectInspector:GetPreviewData ()
UnityEditor.GameObjectInspector:RenderStaticPreview (string,UnityEngine.Object[],int,int)
UnityEditor.AssetPreviewUpdater:CreatePreviewForAsset (UnityEngine.Object,UnityEngine.Object[],string)

[C:\buildslave\unity\build\Modules/Animation/Director/AnimatorControllerPlayable.cpp line 332]

The Animator Controller (Cactus) you have used is not valid. Animations will not play
UnityEngine.StackTraceUtility:ExtractStackTrace ()
UnityEditor.EditorUtility:InitInstantiatedPreviewRecursive (UnityEngine.GameObject)
UnityEditor.EditorUtility:InstantiateForAnimatorPreview (UnityEngine.Object)
UnityEditor.GameObjectInspector/PreviewData:UpdateGameObject (UnityEngine.Object)
UnityEditor.GameObjectInspector/PreviewData:.ctor (UnityEngine.Object)
UnityEditor.GameObjectInspector:GetPreviewData ()
UnityEditor.GameObjectInspector:RenderStaticPreview (string,UnityEngine.Object[],int,int)
UnityEditor.AssetPreviewUpdater:CreatePreviewForAsset (UnityEngine.Object,UnityEngine.Object[],string)

[C:\buildslave\unity\build\Modules/Animation/Director/AnimatorControllerPlayable.cpp line 332]

 -> (artifact id: '6b6b7557dd4765a281810b0bb685154d') in 0.073938 seconds
  Import took 0.078876 seconds .

AssetImportWorkerClient::OnTransportError - code=2 error=End of file
